# JRE version: Java(TM) SE Runtime Environment (11.0.5+10) (build 11.0.5+10-LTS)
# Java VM: Java HotSpot(TM) 64-Bit Server VM (11.0.5+10-LTS, mixed mode, tiered, compressed oops, g1 gc, windows-amd64)
Heap:
 garbage-first heap   total 129024K, used 35832K [0x0000000082800000, 0x0000000100000000)
  region size 1024K, 24 young (24576K), 3 survivors (3072K)
 Metaspace       used 22664K, capacity 23108K, committed 23216K, reserved 1071104K
  class space    used 2043K, capacity 2264K, committed 2304K, reserved 1048576K
GC Heap History (6 events):
Event: 1.540 GC heap before
{Heap before GC invocations=0 (full 0):
 garbage-first heap   total 129024K, used 14336K [0x0000000082800000, 0x0000000100000000)
  region size 1024K, 14 young (14336K), 0 survivors (0K)
 Metaspace       used 14765K, capacity 15139K, committed 15232K, reserved 1062912K
  class space    used 1469K, capacity 1634K, committed 1664K, reserved 1048576K
}
Event: 1.591 GC heap after
{Heap after GC invocations=1 (full 0):
 garbage-first heap   total 129024K, used 3759K [0x0000000082800000, 0x0000000100000000)
  region size 1024K, 2 young (2048K), 2 survivors (2048K)
 Metaspace       used 14765K, capacity 15139K, committed 15232K, reserved 1062912K
  class space    used 1469K, capacity 1634K, committed 1664K, reserved 1048576K
}
Event: 2.912 GC heap before
{Heap before GC invocations=1 (full 0):
 garbage-first heap   total 129024K, used 28335K [0x0000000082800000, 0x0000000100000000)
  region size 1024K, 25 young (25600K), 2 survivors (2048K)
 Metaspace       used 20763K, capacity 21149K, committed 21296K, reserved 1069056K
  class space    used 1926K, capacity 2102K, committed 2176K, reserved 1048576K
}
Event: 2.918 GC heap after
{Heap after GC invocations=2 (full 0):
 garbage-first heap   total 129024K, used 6802K [0x0000000082800000, 0x0000000100000000)
  region size 1024K, 4 young (4096K), 4 survivors (4096K)
 Metaspace       used 20763K, capacity 21149K, committed 21296K, reserved 1069056K
  class space    used 1926K, capacity 2102K, committed 2176K, reserved 1048576K
}
Event: 17.095 GC heap before
{Heap before GC invocations=3 (full 0):
 garbage-first heap   total 129024K, used 40594K [0x0000000082800000, 0x0000000100000000)
  region size 1024K, 29 young (29696K), 4 survivors (4096K)
 Metaspace       used 22561K, capacity 23044K, committed 23216K, reserved 1071104K
  class space    used 2043K, capacity 2264K, committed 2304K, reserved 1048576K
}
Event: 17.100 GC heap after
{Heap after GC invocations=4 (full 0):
 garbage-first heap   total 129024K, used 15352K [0x0000000082800000, 0x0000000100000000)
  region size 1024K, 3 young (3072K), 3 survivors (3072K)
 Metaspace       used 22561K, capacity 23044K, committed 23216K, reserved 1071104K
  class space    used 2043K, capacity 2264K, committed 2304K, reserved 1048576K
}

